<?xml version="1.0" encoding="UTF-8"?>
<!-- Generated by org.testng.reporters.JUnitReportReporter -->
<testsuite hostname="DESKTOP-2ACJK3Q" failures="0" tests="2" name="com.pac1.createcontactTest" time="0.013" errors="0" timestamp="2025-10-10T11:57:23 IST" skipped="0">
  <testcase classname="com.pac1.createcontactTest" name="createcontactd" time="0.004"/>
  <system-out/>
  <testcase classname="com.pac1.createcontactTest" name="createcontact" time="0.009"/>
  <system-out/>
</testsuite> <!-- com.pac1.createcontactTest -->
