<?xml version="1.0" encoding="UTF-8"?>
<!-- Generated by org.testng.reporters.JUnitReportReporter -->
<testsuite hostname="DESKTOP-2ACJK3Q" failures="0" tests="1" name="samplepractise.getproductinfoTest" time="22.790" errors="0" timestamp="2025-10-10T10:14:32 IST" skipped="0">
  <testcase classname="samplepractise.getproductinfoTest" name="getproductinfoTest" time="22.790"/>
  <system-out/>
</testsuite> <!-- samplepractise.getproductinfoTest -->
