<?xml version="1.0" encoding="UTF-8"?>
<!-- Generated by org.testng.reporters.JUnitReportReporter -->
<testsuite hostname="DESKTOP-2ACJK3Q" failures="0" tests="1" name="practise.test.samplenetworkrelatedtestcase" time="4.435" errors="0" timestamp="2025-10-14T12:03:35 IST" skipped="0">
  <testcase classname="practise.test.samplenetworkrelatedtestcase" name="activateTest" time="4.435"/>
  <system-out/>
</testsuite> <!-- practise.test.samplenetworkrelatedtestcase -->
